  [1m[35m (451.4ms)[0m  [1m[35mCREATE DATABASE "fantasy_houses_development" ENCODING = 'unicode'[0m
  [1m[35m (169.0ms)[0m  [1m[35mCREATE DATABASE "fantasy_houses_test" ENCODING = 'unicode'[0m
  [1m[35m (23.2ms)[0m  [1m[35mCREATE TABLE "schema_migrations" ("version" character varying NOT NULL PRIMARY KEY)[0m
  [1m[35m (3.8ms)[0m  [1m[35mCREATE TABLE "ar_internal_metadata" ("key" character varying NOT NULL PRIMARY KEY, "value" character varying, "created_at" timestamp NOT NULL, "updated_at" timestamp NOT NULL)[0m
  [1m[35m (0.4ms)[0m  [1m[34mSELECT pg_try_advisory_lock(8546372934869750190)[0m
  [1m[35m (0.6ms)[0m  [1m[34mSELECT "schema_migrations"."version" FROM "schema_migrations" ORDER BY "schema_migrations"."version" ASC[0m
Migrating to CreateHouses (20200123181648)
  [1m[35m (0.1ms)[0m  [1m[35mBEGIN[0m
  [1m[35m (8.9ms)[0m  [1m[35mCREATE TABLE "houses" ("id" bigserial primary key, "name" character varying NOT NULL, "source" character varying NOT NULL, "author" character varying NOT NULL, "motto" character varying, "created_at" timestamp NOT NULL, "updated_at" timestamp NOT NULL)[0m
  [1m[36mActiveRecord::SchemaMigration Create (0.4ms)[0m  [1m[32mINSERT INTO "schema_migrations" ("version") VALUES ($1) RETURNING "version"[0m  [["version", "20200123181648"]]
  [1m[35m (0.6ms)[0m  [1m[35mCOMMIT[0m
  [1m[36mActiveRecord::InternalMetadata Load (0.6ms)[0m  [1m[34mSELECT  "ar_internal_metadata".* FROM "ar_internal_metadata" WHERE "ar_internal_metadata"."key" = $1 LIMIT $2[0m  [["key", "environment"], ["LIMIT", 1]]
  [1m[35m (0.1ms)[0m  [1m[35mBEGIN[0m
  [1m[36mActiveRecord::InternalMetadata Create (0.4ms)[0m  [1m[32mINSERT INTO "ar_internal_metadata" ("key", "value", "created_at", "updated_at") VALUES ($1, $2, $3, $4) RETURNING "key"[0m  [["key", "environment"], ["value", "development"], ["created_at", "2020-01-23 18:19:27.523291"], ["updated_at", "2020-01-23 18:19:27.523291"]]
  [1m[35m (0.5ms)[0m  [1m[35mCOMMIT[0m
  [1m[35m (0.3ms)[0m  [1m[34mSELECT pg_advisory_unlock(8546372934869750190)[0m
  [1m[35m (0.4ms)[0m  [1m[34mSELECT "schema_migrations"."version" FROM "schema_migrations" ORDER BY "schema_migrations"."version" ASC[0m
  [1m[35m (0.8ms)[0m  [1m[34mSELECT "schema_migrations"."version" FROM "schema_migrations" ORDER BY "schema_migrations"."version" ASC[0m
  [1m[35m (0.2ms)[0m  [1m[34mSELECT "schema_migrations"."version" FROM "schema_migrations" ORDER BY "schema_migrations"."version" ASC[0m
  [1m[35m (0.2ms)[0m  [1m[34mSELECT "schema_migrations"."version" FROM "schema_migrations" ORDER BY "schema_migrations"."version" ASC[0m
  [1m[35m (0.2ms)[0m  [1m[34mSELECT pg_try_advisory_lock(8546372934869750190)[0m
  [1m[35m (0.2ms)[0m  [1m[34mSELECT "schema_migrations"."version" FROM "schema_migrations" ORDER BY "schema_migrations"."version" ASC[0m
Migrating to CreateHouses (20200123181648)
  [1m[35m (0.1ms)[0m  [1m[35mBEGIN[0m
  [1m[35m (2.7ms)[0m  [1m[35mDROP TABLE "houses"[0m
  [1m[36mActiveRecord::SchemaMigration Destroy (1.9ms)[0m  [1m[31mDELETE FROM "schema_migrations" WHERE "schema_migrations"."version" = $1[0m  [["version", "20200123181648"]]
  [1m[35m (2.7ms)[0m  [1m[35mCOMMIT[0m
  [1m[35m (0.4ms)[0m  [1m[34mSELECT pg_advisory_unlock(8546372934869750190)[0m
  [1m[35m (0.3ms)[0m  [1m[34mSELECT "schema_migrations"."version" FROM "schema_migrations" ORDER BY "schema_migrations"."version" ASC[0m
  [1m[35m (0.2ms)[0m  [1m[34mSELECT pg_try_advisory_lock(8546372934869750190)[0m
  [1m[35m (0.7ms)[0m  [1m[34mSELECT "schema_migrations"."version" FROM "schema_migrations" ORDER BY "schema_migrations"."version" ASC[0m
Migrating to CreateHouses (20200123181648)
  [1m[35m (0.1ms)[0m  [1m[35mBEGIN[0m
  [1m[35m (7.8ms)[0m  [1m[35mCREATE TABLE "houses" ("id" bigserial primary key, "name" character varying NOT NULL, "source" character varying NOT NULL, "author" character varying NOT NULL, "motto" character varying, "created_at" timestamp NOT NULL, "updated_at" timestamp NOT NULL)[0m
  [1m[36mActiveRecord::SchemaMigration Create (0.3ms)[0m  [1m[32mINSERT INTO "schema_migrations" ("version") VALUES ($1) RETURNING "version"[0m  [["version", "20200123181648"]]
  [1m[35m (0.7ms)[0m  [1m[35mCOMMIT[0m
  [1m[36mActiveRecord::InternalMetadata Load (0.5ms)[0m  [1m[34mSELECT  "ar_internal_metadata".* FROM "ar_internal_metadata" WHERE "ar_internal_metadata"."key" = $1 LIMIT $2[0m  [["key", "environment"], ["LIMIT", 1]]
  [1m[35m (0.2ms)[0m  [1m[35mBEGIN[0m
  [1m[35m (0.1ms)[0m  [1m[35mCOMMIT[0m
  [1m[35m (0.2ms)[0m  [1m[34mSELECT pg_advisory_unlock(8546372934869750190)[0m
  [1m[35m (0.2ms)[0m  [1m[34mSELECT "schema_migrations"."version" FROM "schema_migrations" ORDER BY "schema_migrations"."version" ASC[0m
Started GET "/" for ::1 at 2020-01-23 13:39:54 -0500
  [1m[35m (2.0ms)[0m  [1m[34mSELECT "schema_migrations"."version" FROM "schema_migrations" ORDER BY "schema_migrations"."version" ASC[0m
Processing by HousesController#index as HTML
  Rendering houses/index.html.erb within layouts/application
  [1m[36mHouse Load (2.3ms)[0m  [1m[34mSELECT "houses".* FROM "houses"[0m
  Rendered houses/index.html.erb within layouts/application (8.1ms)
Completed 200 OK in 359ms (Views: 346.7ms | ActiveRecord: 4.5ms)


Started GET "/houses/new" for ::1 at 2020-01-23 13:40:00 -0500
Processing by HousesController#new as HTML
  Rendering houses/new.html.erb within layouts/application
  Rendered houses/new.html.erb within layouts/application (19.1ms)
Completed 200 OK in 47ms (Views: 34.5ms | ActiveRecord: 6.1ms)


Started GET "/houses/new" for ::1 at 2020-01-23 13:40:27 -0500
Processing by HousesController#new as HTML
  Rendering houses/new.html.erb within layouts/application
  Rendered houses/new.html.erb within layouts/application (2.5ms)
Completed 200 OK in 18ms (Views: 17.0ms | ActiveRecord: 0.0ms)


Started POST "/houses" for ::1 at 2020-01-23 13:41:03 -0500
Processing by HousesController#create as HTML
  Parameters: {"utf8"=>"✓", "authenticity_token"=>"/Z2HNIqX9bj52aDUpWpyE9YjedwbFUYb3/mqhd5xooIU0R6UHRRCgemUlbZkKDj8+NjDpZY0dQZbXOfeASZkoQ==", "house"=>{"name"=>"Gryffindor", "source"=>"Harry Potter", "author"=>"JK Rowling", "motto"=>"Their daring, nerve, and chivalry set Gryffindors apart"}, "commit"=>"Add House"}
  [1m[35m (0.2ms)[0m  [1m[35mBEGIN[0m
  [1m[36mHouse Create (0.9ms)[0m  [1m[32mINSERT INTO "houses" ("name", "source", "author", "motto", "created_at", "updated_at") VALUES ($1, $2, $3, $4, $5, $6) RETURNING "id"[0m  [["name", "Gryffindor"], ["source", "Harry Potter"], ["author", "JK Rowling"], ["motto", "Their daring, nerve, and chivalry set Gryffindors apart"], ["created_at", "2020-01-23 18:41:03.441625"], ["updated_at", "2020-01-23 18:41:03.441625"]]
  [1m[35m (2.5ms)[0m  [1m[35mCOMMIT[0m
Redirected to http://localhost:3000/houses/1
Completed 302 Found in 7ms (ActiveRecord: 3.6ms)


Started GET "/houses/1" for ::1 at 2020-01-23 13:41:03 -0500
Processing by HousesController#show as HTML
  Parameters: {"id"=>"1"}
  [1m[36mHouse Load (0.4ms)[0m  [1m[34mSELECT  "houses".* FROM "houses" WHERE "houses"."id" = $1 LIMIT $2[0m  [["id", 1], ["LIMIT", 1]]
  Rendering houses/show.html.erb within layouts/application
  Rendered houses/show.html.erb within layouts/application (0.6ms)
Completed 200 OK in 22ms (Views: 14.3ms | ActiveRecord: 0.7ms)


Started GET "/houses/" for ::1 at 2020-01-23 13:41:10 -0500
Processing by HousesController#index as HTML
  Rendering houses/index.html.erb within layouts/application
  [1m[36mHouse Load (0.4ms)[0m  [1m[34mSELECT "houses".* FROM "houses"[0m
  Rendered houses/index.html.erb within layouts/application (1.9ms)
Completed 200 OK in 20ms (Views: 18.4ms | ActiveRecord: 0.4ms)


Started GET "/houses/1" for ::1 at 2020-01-23 13:41:12 -0500
Processing by HousesController#show as HTML
  Parameters: {"id"=>"1"}
  [1m[36mHouse Load (0.4ms)[0m  [1m[34mSELECT  "houses".* FROM "houses" WHERE "houses"."id" = $1 LIMIT $2[0m  [["id", 1], ["LIMIT", 1]]
  Rendering houses/show.html.erb within layouts/application
  Rendered houses/show.html.erb within layouts/application (0.5ms)
Completed 200 OK in 17ms (Views: 15.4ms | ActiveRecord: 0.4ms)


  [1m[35m (0.2ms)[0m  [1m[34mSELECT pg_try_advisory_lock(8546372934869750190)[0m
  [1m[35m (0.9ms)[0m  [1m[34mSELECT "schema_migrations"."version" FROM "schema_migrations" ORDER BY "schema_migrations"."version" ASC[0m
Migrating to CreateMembers (20200123184323)
  [1m[35m (0.2ms)[0m  [1m[35mBEGIN[0m
  [1m[35m (0.2ms)[0m  [1m[31mROLLBACK[0m
  [1m[35m (0.4ms)[0m  [1m[34mSELECT pg_advisory_unlock(8546372934869750190)[0m
  [1m[35m (0.2ms)[0m  [1m[34mSELECT pg_try_advisory_lock(8546372934869750190)[0m
  [1m[35m (0.7ms)[0m  [1m[34mSELECT "schema_migrations"."version" FROM "schema_migrations" ORDER BY "schema_migrations"."version" ASC[0m
Migrating to CreateMembers (20200123184323)
  [1m[35m (0.1ms)[0m  [1m[35mBEGIN[0m
  [1m[35m (11.7ms)[0m  [1m[35mCREATE TABLE "members" ("id" bigserial primary key, "house_id" bigint NOT NULL, "first_name" character varying NOT NULL, "last_name" character varying NOT NULL, "created_at" timestamp NOT NULL, "updated_at" timestamp NOT NULL)[0m
  [1m[35m (3.1ms)[0m  [1m[35mCREATE  INDEX  "index_members_on_house_id" ON "members"  ("house_id")[0m
  [1m[36mActiveRecord::SchemaMigration Create (0.3ms)[0m  [1m[32mINSERT INTO "schema_migrations" ("version") VALUES ($1) RETURNING "version"[0m  [["version", "20200123184323"]]
  [1m[35m (0.6ms)[0m  [1m[35mCOMMIT[0m
  [1m[36mActiveRecord::InternalMetadata Load (1.5ms)[0m  [1m[34mSELECT  "ar_internal_metadata".* FROM "ar_internal_metadata" WHERE "ar_internal_metadata"."key" = $1 LIMIT $2[0m  [["key", "environment"], ["LIMIT", 1]]
  [1m[35m (0.1ms)[0m  [1m[35mBEGIN[0m
  [1m[35m (0.1ms)[0m  [1m[35mCOMMIT[0m
  [1m[35m (0.2ms)[0m  [1m[34mSELECT pg_advisory_unlock(8546372934869750190)[0m
  [1m[35m (0.2ms)[0m  [1m[34mSELECT "schema_migrations"."version" FROM "schema_migrations" ORDER BY "schema_migrations"."version" ASC[0m
  [1m[35m (0.8ms)[0m  [1m[34mSELECT "schema_migrations"."version" FROM "schema_migrations" ORDER BY "schema_migrations"."version" ASC[0m
  [1m[35m (0.2ms)[0m  [1m[34mSELECT "schema_migrations"."version" FROM "schema_migrations" ORDER BY "schema_migrations"."version" ASC[0m
  [1m[35m (0.2ms)[0m  [1m[34mSELECT "schema_migrations"."version" FROM "schema_migrations" ORDER BY "schema_migrations"."version" ASC[0m
  [1m[35m (0.1ms)[0m  [1m[34mSELECT pg_try_advisory_lock(8546372934869750190)[0m
  [1m[35m (0.2ms)[0m  [1m[34mSELECT "schema_migrations"."version" FROM "schema_migrations" ORDER BY "schema_migrations"."version" ASC[0m
Migrating to CreateMembers (20200123184323)
  [1m[35m (0.1ms)[0m  [1m[35mBEGIN[0m
  [1m[35m (2.7ms)[0m  [1m[35mDROP TABLE "members"[0m
  [1m[36mActiveRecord::SchemaMigration Destroy (0.5ms)[0m  [1m[31mDELETE FROM "schema_migrations" WHERE "schema_migrations"."version" = $1[0m  [["version", "20200123184323"]]
  [1m[35m (1.7ms)[0m  [1m[35mCOMMIT[0m
  [1m[35m (0.2ms)[0m  [1m[34mSELECT pg_advisory_unlock(8546372934869750190)[0m
  [1m[35m (0.2ms)[0m  [1m[34mSELECT "schema_migrations"."version" FROM "schema_migrations" ORDER BY "schema_migrations"."version" ASC[0m
  [1m[35m (0.2ms)[0m  [1m[34mSELECT pg_try_advisory_lock(8546372934869750190)[0m
  [1m[35m (0.7ms)[0m  [1m[34mSELECT "schema_migrations"."version" FROM "schema_migrations" ORDER BY "schema_migrations"."version" ASC[0m
Migrating to CreateMembers (20200123184323)
  [1m[35m (0.1ms)[0m  [1m[35mBEGIN[0m
  [1m[35m (7.6ms)[0m  [1m[35mCREATE TABLE "members" ("id" bigserial primary key, "house_id" bigint NOT NULL, "first_name" character varying NOT NULL, "last_name" character varying NOT NULL, "created_at" timestamp NOT NULL, "updated_at" timestamp NOT NULL)[0m
  [1m[35m (1.2ms)[0m  [1m[35mCREATE  INDEX  "index_members_on_house_id" ON "members"  ("house_id")[0m
  [1m[36mActiveRecord::SchemaMigration Create (0.5ms)[0m  [1m[32mINSERT INTO "schema_migrations" ("version") VALUES ($1) RETURNING "version"[0m  [["version", "20200123184323"]]
  [1m[35m (0.7ms)[0m  [1m[35mCOMMIT[0m
  [1m[36mActiveRecord::InternalMetadata Load (0.4ms)[0m  [1m[34mSELECT  "ar_internal_metadata".* FROM "ar_internal_metadata" WHERE "ar_internal_metadata"."key" = $1 LIMIT $2[0m  [["key", "environment"], ["LIMIT", 1]]
  [1m[35m (0.2ms)[0m  [1m[35mBEGIN[0m
  [1m[35m (0.1ms)[0m  [1m[35mCOMMIT[0m
  [1m[35m (0.2ms)[0m  [1m[34mSELECT pg_advisory_unlock(8546372934869750190)[0m
  [1m[35m (0.2ms)[0m  [1m[34mSELECT "schema_migrations"."version" FROM "schema_migrations" ORDER BY "schema_migrations"."version" ASC[0m
Started GET "/houses/1" for ::1 at 2020-01-23 13:54:44 -0500
  [1m[35m (0.8ms)[0m  [1m[34mSELECT "schema_migrations"."version" FROM "schema_migrations" ORDER BY "schema_migrations"."version" ASC[0m
Processing by HousesController#show as HTML
  Parameters: {"id"=>"1"}
  [1m[36mHouse Load (0.5ms)[0m  [1m[34mSELECT  "houses".* FROM "houses" WHERE "houses"."id" = $1 LIMIT $2[0m  [["id", 1], ["LIMIT", 1]]
  Rendering houses/show.html.erb within layouts/application
  [1m[36mMember Load (0.7ms)[0m  [1m[34mSELECT "members".* FROM "members" WHERE "members"."house_id" = $1[0m  [["house_id", 1]]
  Rendered houses/show.html.erb within layouts/application (6.3ms)
Completed 200 OK in 62ms (Views: 32.1ms | ActiveRecord: 10.5ms)


Started GET "/houses/1/members" for ::1 at 2020-01-23 14:21:40 -0500
  
ActionController::RoutingError (No route matches [GET] "/houses/1/members"):
  
actionpack (5.2.4.1) lib/action_dispatch/middleware/debug_exceptions.rb:65:in `call'
actionpack (5.2.4.1) lib/action_dispatch/middleware/show_exceptions.rb:33:in `call'
railties (5.2.4.1) lib/rails/rack/logger.rb:38:in `call_app'
railties (5.2.4.1) lib/rails/rack/logger.rb:26:in `block in call'
activesupport (5.2.4.1) lib/active_support/tagged_logging.rb:71:in `block in tagged'
activesupport (5.2.4.1) lib/active_support/tagged_logging.rb:28:in `tagged'
activesupport (5.2.4.1) lib/active_support/tagged_logging.rb:71:in `tagged'
railties (5.2.4.1) lib/rails/rack/logger.rb:26:in `call'
sprockets-rails (3.2.1) lib/sprockets/rails/quiet_assets.rb:13:in `call'
actionpack (5.2.4.1) lib/action_dispatch/middleware/remote_ip.rb:81:in `call'
actionpack (5.2.4.1) lib/action_dispatch/middleware/request_id.rb:27:in `call'
rack (2.1.1) lib/rack/method_override.rb:24:in `call'
rack (2.1.1) lib/rack/runtime.rb:24:in `call'
activesupport (5.2.4.1) lib/active_support/cache/strategy/local_cache_middleware.rb:29:in `call'
actionpack (5.2.4.1) lib/action_dispatch/middleware/executor.rb:14:in `call'
actionpack (5.2.4.1) lib/action_dispatch/middleware/static.rb:127:in `call'
rack (2.1.1) lib/rack/sendfile.rb:113:in `call'
railties (5.2.4.1) lib/rails/engine.rb:524:in `call'
rack (2.1.1) lib/rack/handler/webrick.rb:88:in `service'
/Users/krisrjohnson/.rubies/ruby-2.6.5/lib/ruby/2.6.0/webrick/httpserver.rb:140:in `service'
/Users/krisrjohnson/.rubies/ruby-2.6.5/lib/ruby/2.6.0/webrick/httpserver.rb:96:in `run'
/Users/krisrjohnson/.rubies/ruby-2.6.5/lib/ruby/2.6.0/webrick/server.rb:307:in `block in start_thread'
Started GET "/houses/1//members/new" for ::1 at 2020-01-23 14:21:52 -0500
Processing by MembersController#new as HTML
  Parameters: {"house_id"=>"1"}
  [1m[36mHouse Load (1.7ms)[0m  [1m[34mSELECT  "houses".* FROM "houses" WHERE "houses"."id" = $1 LIMIT $2[0m  [["id", 1], ["LIMIT", 1]]
  Rendering members/new.html.erb within layouts/application
  Rendered members/new.html.erb within layouts/application (1.5ms)
Completed 200 OK in 72ms (Views: 16.1ms | ActiveRecord: 25.2ms)


Started POST "/members" for ::1 at 2020-01-23 14:21:59 -0500
  
ActionController::RoutingError (No route matches [POST] "/members"):
  
actionpack (5.2.4.1) lib/action_dispatch/middleware/debug_exceptions.rb:65:in `call'
actionpack (5.2.4.1) lib/action_dispatch/middleware/show_exceptions.rb:33:in `call'
railties (5.2.4.1) lib/rails/rack/logger.rb:38:in `call_app'
railties (5.2.4.1) lib/rails/rack/logger.rb:26:in `block in call'
activesupport (5.2.4.1) lib/active_support/tagged_logging.rb:71:in `block in tagged'
activesupport (5.2.4.1) lib/active_support/tagged_logging.rb:28:in `tagged'
activesupport (5.2.4.1) lib/active_support/tagged_logging.rb:71:in `tagged'
railties (5.2.4.1) lib/rails/rack/logger.rb:26:in `call'
sprockets-rails (3.2.1) lib/sprockets/rails/quiet_assets.rb:13:in `call'
actionpack (5.2.4.1) lib/action_dispatch/middleware/remote_ip.rb:81:in `call'
actionpack (5.2.4.1) lib/action_dispatch/middleware/request_id.rb:27:in `call'
rack (2.1.1) lib/rack/method_override.rb:24:in `call'
rack (2.1.1) lib/rack/runtime.rb:24:in `call'
activesupport (5.2.4.1) lib/active_support/cache/strategy/local_cache_middleware.rb:29:in `call'
actionpack (5.2.4.1) lib/action_dispatch/middleware/executor.rb:14:in `call'
actionpack (5.2.4.1) lib/action_dispatch/middleware/static.rb:127:in `call'
rack (2.1.1) lib/rack/sendfile.rb:113:in `call'
railties (5.2.4.1) lib/rails/engine.rb:524:in `call'
rack (2.1.1) lib/rack/handler/webrick.rb:88:in `service'
/Users/krisrjohnson/.rubies/ruby-2.6.5/lib/ruby/2.6.0/webrick/httpserver.rb:140:in `service'
/Users/krisrjohnson/.rubies/ruby-2.6.5/lib/ruby/2.6.0/webrick/httpserver.rb:96:in `run'
/Users/krisrjohnson/.rubies/ruby-2.6.5/lib/ruby/2.6.0/webrick/server.rb:307:in `block in start_thread'
Started POST "/members" for ::1 at 2020-01-23 14:35:21 -0500
  
ActionController::RoutingError (No route matches [POST] "/members"):
  
actionpack (5.2.4.1) lib/action_dispatch/middleware/debug_exceptions.rb:65:in `call'
actionpack (5.2.4.1) lib/action_dispatch/middleware/show_exceptions.rb:33:in `call'
railties (5.2.4.1) lib/rails/rack/logger.rb:38:in `call_app'
railties (5.2.4.1) lib/rails/rack/logger.rb:26:in `block in call'
activesupport (5.2.4.1) lib/active_support/tagged_logging.rb:71:in `block in tagged'
activesupport (5.2.4.1) lib/active_support/tagged_logging.rb:28:in `tagged'
activesupport (5.2.4.1) lib/active_support/tagged_logging.rb:71:in `tagged'
railties (5.2.4.1) lib/rails/rack/logger.rb:26:in `call'
sprockets-rails (3.2.1) lib/sprockets/rails/quiet_assets.rb:13:in `call'
actionpack (5.2.4.1) lib/action_dispatch/middleware/remote_ip.rb:81:in `call'
actionpack (5.2.4.1) lib/action_dispatch/middleware/request_id.rb:27:in `call'
rack (2.1.1) lib/rack/method_override.rb:24:in `call'
rack (2.1.1) lib/rack/runtime.rb:24:in `call'
activesupport (5.2.4.1) lib/active_support/cache/strategy/local_cache_middleware.rb:29:in `call'
actionpack (5.2.4.1) lib/action_dispatch/middleware/executor.rb:14:in `call'
actionpack (5.2.4.1) lib/action_dispatch/middleware/static.rb:127:in `call'
rack (2.1.1) lib/rack/sendfile.rb:113:in `call'
railties (5.2.4.1) lib/rails/engine.rb:524:in `call'
rack (2.1.1) lib/rack/handler/webrick.rb:88:in `service'
/Users/krisrjohnson/.rubies/ruby-2.6.5/lib/ruby/2.6.0/webrick/httpserver.rb:140:in `service'
/Users/krisrjohnson/.rubies/ruby-2.6.5/lib/ruby/2.6.0/webrick/httpserver.rb:96:in `run'
/Users/krisrjohnson/.rubies/ruby-2.6.5/lib/ruby/2.6.0/webrick/server.rb:307:in `block in start_thread'
Started POST "/members" for ::1 at 2020-01-23 14:37:01 -0500
  [1m[35m (3.1ms)[0m  [1m[34mSELECT "schema_migrations"."version" FROM "schema_migrations" ORDER BY "schema_migrations"."version" ASC[0m
  
ActionController::RoutingError (No route matches [POST] "/members"):
  
actionpack (5.2.4.1) lib/action_dispatch/middleware/debug_exceptions.rb:65:in `call'
actionpack (5.2.4.1) lib/action_dispatch/middleware/show_exceptions.rb:33:in `call'
railties (5.2.4.1) lib/rails/rack/logger.rb:38:in `call_app'
railties (5.2.4.1) lib/rails/rack/logger.rb:26:in `block in call'
activesupport (5.2.4.1) lib/active_support/tagged_logging.rb:71:in `block in tagged'
activesupport (5.2.4.1) lib/active_support/tagged_logging.rb:28:in `tagged'
activesupport (5.2.4.1) lib/active_support/tagged_logging.rb:71:in `tagged'
railties (5.2.4.1) lib/rails/rack/logger.rb:26:in `call'
sprockets-rails (3.2.1) lib/sprockets/rails/quiet_assets.rb:13:in `call'
actionpack (5.2.4.1) lib/action_dispatch/middleware/remote_ip.rb:81:in `call'
actionpack (5.2.4.1) lib/action_dispatch/middleware/request_id.rb:27:in `call'
rack (2.1.1) lib/rack/method_override.rb:24:in `call'
rack (2.1.1) lib/rack/runtime.rb:24:in `call'
activesupport (5.2.4.1) lib/active_support/cache/strategy/local_cache_middleware.rb:29:in `call'
actionpack (5.2.4.1) lib/action_dispatch/middleware/executor.rb:14:in `call'
actionpack (5.2.4.1) lib/action_dispatch/middleware/static.rb:127:in `call'
rack (2.1.1) lib/rack/sendfile.rb:113:in `call'
railties (5.2.4.1) lib/rails/engine.rb:524:in `call'
rack (2.1.1) lib/rack/handler/webrick.rb:88:in `service'
/Users/krisrjohnson/.rubies/ruby-2.6.5/lib/ruby/2.6.0/webrick/httpserver.rb:140:in `service'
/Users/krisrjohnson/.rubies/ruby-2.6.5/lib/ruby/2.6.0/webrick/httpserver.rb:96:in `run'
/Users/krisrjohnson/.rubies/ruby-2.6.5/lib/ruby/2.6.0/webrick/server.rb:307:in `block in start_thread'
Started GET "/houses/1//members/new" for ::1 at 2020-01-23 14:37:04 -0500
Processing by MembersController#new as HTML
  Parameters: {"house_id"=>"1"}
  [1m[36mHouse Load (0.4ms)[0m  [1m[34mSELECT  "houses".* FROM "houses" WHERE "houses"."id" = $1 LIMIT $2[0m  [["id", 1], ["LIMIT", 1]]
  Rendering members/new.html.erb within layouts/application
  Rendered members/new.html.erb within layouts/application (3.4ms)
Completed 200 OK in 259ms (Views: 230.0ms | ActiveRecord: 9.6ms)


Started POST "/houses/1/members" for ::1 at 2020-01-23 14:37:10 -0500
Processing by MembersController#create as HTML
  Parameters: {"utf8"=>"✓", "authenticity_token"=>"vkmVLXQEFQF0qHbu1iNvwLW8uOhpruOR0vlzx3rpiBhXBQyN44eiOGTlQ4wXYSUvm0cCkeSP0IxWXD6cpb5OOw==", "member"=>{"first_name"=>"Harry", "last_name"=>"Potter"}, "commit"=>"Add Member", "house_id"=>"1"}
  [1m[36mHouse Load (1.1ms)[0m  [1m[34mSELECT  "houses".* FROM "houses" WHERE "houses"."id" = $1 LIMIT $2[0m  [["id", 1], ["LIMIT", 1]]
  [1m[35m (0.1ms)[0m  [1m[35mBEGIN[0m
  [1m[36mMember Create (2.3ms)[0m  [1m[32mINSERT INTO "members" ("house_id", "first_name", "last_name", "created_at", "updated_at") VALUES ($1, $2, $3, $4, $5) RETURNING "id"[0m  [["house_id", 1], ["first_name", "Harry"], ["last_name", "Potter"], ["created_at", "2020-01-23 19:37:10.569303"], ["updated_at", "2020-01-23 19:37:10.569303"]]
  [1m[35m (0.5ms)[0m  [1m[35mCOMMIT[0m
Redirected to http://localhost:3000/houses/1
Completed 302 Found in 16ms (ActiveRecord: 4.3ms)


Started GET "/houses/1" for ::1 at 2020-01-23 14:37:10 -0500
Processing by HousesController#show as HTML
  Parameters: {"id"=>"1"}
  [1m[36mHouse Load (0.5ms)[0m  [1m[34mSELECT  "houses".* FROM "houses" WHERE "houses"."id" = $1 LIMIT $2[0m  [["id", 1], ["LIMIT", 1]]
  Rendering houses/show.html.erb within layouts/application
  [1m[36mMember Load (0.3ms)[0m  [1m[34mSELECT "members".* FROM "members" WHERE "members"."house_id" = $1[0m  [["house_id", 1]]
  Rendered houses/show.html.erb within layouts/application (4.2ms)
Completed 200 OK in 23ms (Views: 16.4ms | ActiveRecord: 0.8ms)


Started GET "/houses/new" for ::1 at 2020-01-23 14:39:43 -0500
Processing by HousesController#new as HTML
  Rendering houses/new.html.erb within layouts/application
  Rendered houses/new.html.erb within layouts/application (8.2ms)
Completed 200 OK in 22ms (Views: 20.4ms | ActiveRecord: 0.0ms)


Started POST "/houses" for ::1 at 2020-01-23 14:40:02 -0500
Processing by HousesController#create as HTML
  Parameters: {"utf8"=>"✓", "authenticity_token"=>"YLJTLkhMGV7hzfiaY+6jkaqoIVTfjrZ0oo3mUrVYw5aJ/sqO38+uZ/GAzfiirOl+hFObLVKvhWkmKKsJag8FtQ==", "house"=>{"name"=>"Johnson", "source"=>"History", "author"=>"Kris", "motto"=>"Suhduhe"}, "commit"=>"Add House"}
  [1m[35m (0.2ms)[0m  [1m[35mBEGIN[0m
  [1m[36mHouse Create (0.7ms)[0m  [1m[32mINSERT INTO "houses" ("name", "source", "author", "motto", "created_at", "updated_at") VALUES ($1, $2, $3, $4, $5, $6) RETURNING "id"[0m  [["name", "Johnson"], ["source", "History"], ["author", "Kris"], ["motto", "Suhduhe"], ["created_at", "2020-01-23 19:40:02.373835"], ["updated_at", "2020-01-23 19:40:02.373835"]]
  [1m[35m (0.5ms)[0m  [1m[35mCOMMIT[0m
Redirected to http://localhost:3000/houses/2
Completed 302 Found in 5ms (ActiveRecord: 1.4ms)


Started GET "/houses/2" for ::1 at 2020-01-23 14:40:02 -0500
Processing by HousesController#show as HTML
  Parameters: {"id"=>"2"}
  [1m[36mHouse Load (0.4ms)[0m  [1m[34mSELECT  "houses".* FROM "houses" WHERE "houses"."id" = $1 LIMIT $2[0m  [["id", 2], ["LIMIT", 1]]
  Rendering houses/show.html.erb within layouts/application
  [1m[36mMember Load (0.3ms)[0m  [1m[34mSELECT "members".* FROM "members" WHERE "members"."house_id" = $1[0m  [["house_id", 2]]
  Rendered houses/show.html.erb within layouts/application (1.8ms)
Completed 200 OK in 17ms (Views: 15.3ms | ActiveRecord: 0.7ms)


Started GET "/houses/2/members/new" for ::1 at 2020-01-23 14:40:09 -0500
Processing by MembersController#new as HTML
  Parameters: {"house_id"=>"2"}
  [1m[36mHouse Load (0.6ms)[0m  [1m[34mSELECT  "houses".* FROM "houses" WHERE "houses"."id" = $1 LIMIT $2[0m  [["id", 2], ["LIMIT", 1]]
  Rendering members/new.html.erb within layouts/application
  Rendered members/new.html.erb within layouts/application (2.2ms)
Completed 200 OK in 20ms (Views: 17.0ms | ActiveRecord: 0.6ms)


Started GET "/houses/" for ::1 at 2020-01-23 14:44:28 -0500
Processing by HousesController#index as HTML
  Rendering houses/index.html.erb within layouts/application
  [1m[36mHouse Load (0.4ms)[0m  [1m[34mSELECT "houses".* FROM "houses"[0m
  Rendered houses/index.html.erb within layouts/application (1.9ms)
Completed 200 OK in 19ms (Views: 17.3ms | ActiveRecord: 0.4ms)


Started GET "/houses/new" for ::1 at 2020-01-23 14:44:30 -0500
Processing by HousesController#new as HTML
  Rendering houses/new.html.erb within layouts/application
  Rendered houses/new.html.erb within layouts/application (2.6ms)
Completed 200 OK in 17ms (Views: 15.3ms | ActiveRecord: 0.0ms)


Started POST "/houses" for ::1 at 2020-01-23 14:44:32 -0500
Processing by HousesController#create as HTML
  Parameters: {"utf8"=>"✓", "authenticity_token"=>"tunLq/Ar1cQXJc+cNPjeIZbODuF5o+Lf14xBRQJnDIRfpVILZ6hi/Qdo+v71upTOuDW0mPSC0cJTKQwe3TDKpw==", "house"=>{"name"=>"", "source"=>"", "author"=>"", "motto"=>""}, "commit"=>"Add House"}
  [1m[35m (0.2ms)[0m  [1m[35mBEGIN[0m
  [1m[35m (0.4ms)[0m  [1m[31mROLLBACK[0m
  Rendering houses/new.html.erb within layouts/application
  Rendered houses/new.html.erb within layouts/application (2.4ms)
Completed 200 OK in 18ms (Views: 13.4ms | ActiveRecord: 0.5ms)


Started POST "/houses" for ::1 at 2020-01-23 14:44:45 -0500
Processing by HousesController#create as HTML
  Parameters: {"utf8"=>"✓", "authenticity_token"=>"tunLq/Ar1cQXJc+cNPjeIZbODuF5o+Lf14xBRQJnDIRfpVILZ6hi/Qdo+v71upTOuDW0mPSC0cJTKQwe3TDKpw==", "house"=>{"name"=>"", "source"=>"", "author"=>"", "motto"=>""}, "commit"=>"Add House"}
  [1m[35m (0.2ms)[0m  [1m[35mBEGIN[0m
  [1m[35m (0.2ms)[0m  [1m[31mROLLBACK[0m
  Rendering houses/new.html.erb within layouts/application
  Rendered houses/new.html.erb within layouts/application (3.0ms)
Completed 200 OK in 43ms (Views: 39.0ms | ActiveRecord: 0.4ms)


Started POST "/houses" for ::1 at 2020-01-23 14:45:29 -0500
Processing by HousesController#create as HTML
  Parameters: {"utf8"=>"✓", "authenticity_token"=>"63+LEU9Za04X9RsIgcUZSlU/Eok3m4vYSaeFPKs7g3UCMxKx2Nrcdwe4LmpAh1Ole8So8Lq6uMXNAshndGxFVg==", "house"=>{"name"=>"", "source"=>"", "author"=>"", "motto"=>""}, "commit"=>"Add House"}
  [1m[35m (0.6ms)[0m  [1m[35mBEGIN[0m
  [1m[35m (0.2ms)[0m  [1m[31mROLLBACK[0m
  Rendering houses/new.html.erb within layouts/application
  Rendered houses/new.html.erb within layouts/application (2.6ms)
Completed 200 OK in 28ms (Views: 20.7ms | ActiveRecord: 0.8ms)


Started POST "/houses" for ::1 at 2020-01-23 14:45:30 -0500
Processing by HousesController#create as HTML
  Parameters: {"utf8"=>"✓", "authenticity_token"=>"IrUUgwgNhCnUyglH37Iy9aCj9NVdfTzHn63O3VWr3gfL+Y0jn44zEMSHPCUe8HgajlhOrNBcD9obCIOGivwYJA==", "house"=>{"name"=>"", "source"=>"", "author"=>"", "motto"=>""}, "commit"=>"Add House"}
  [1m[35m (1.6ms)[0m  [1m[35mBEGIN[0m
  [1m[35m (0.2ms)[0m  [1m[31mROLLBACK[0m
  Rendering houses/new.html.erb within layouts/application
  Rendered houses/new.html.erb within layouts/application (2.5ms)
Completed 200 OK in 20ms (Views: 15.2ms | ActiveRecord: 1.8ms)


Started POST "/houses" for ::1 at 2020-01-23 14:45:31 -0500
Processing by HousesController#create as HTML
  Parameters: {"utf8"=>"✓", "authenticity_token"=>"MSHVwYEANmF94R5Fxyq7jpuz3gmY4Jo33rY4KWPsLlDYbUxhFoOBWG2sKycGaPFhtUhkcBXBqSpaE3VyvLvocw==", "house"=>{"name"=>"", "source"=>"", "author"=>"", "motto"=>""}, "commit"=>"Add House"}
  [1m[35m (0.3ms)[0m  [1m[35mBEGIN[0m
  [1m[35m (0.2ms)[0m  [1m[31mROLLBACK[0m
  Rendering houses/new.html.erb within layouts/application
  Rendered houses/new.html.erb within layouts/application (2.8ms)
Completed 200 OK in 19ms (Views: 13.7ms | ActiveRecord: 0.4ms)


Started GET "/houses/new" for ::1 at 2020-01-23 15:03:57 -0500
Processing by HousesController#new as HTML
  Rendering houses/new.html.erb within layouts/application
  Rendered houses/new.html.erb within layouts/application (2.0ms)
Completed 200 OK in 13ms (Views: 12.7ms | ActiveRecord: 0.0ms)


Started GET "/houses/" for ::1 at 2020-01-23 15:04:02 -0500
Processing by HousesController#index as HTML
  Rendering houses/index.html.erb within layouts/application
  [1m[36mHouse Load (0.8ms)[0m  [1m[34mSELECT "houses".* FROM "houses"[0m
  Rendered houses/index.html.erb within layouts/application (2.6ms)
Completed 200 OK in 30ms (Views: 28.0ms | ActiveRecord: 0.8ms)


Started GET "/houses/1" for ::1 at 2020-01-23 15:04:04 -0500
Processing by HousesController#show as HTML
  Parameters: {"id"=>"1"}
  [1m[36mHouse Load (0.2ms)[0m  [1m[34mSELECT  "houses".* FROM "houses" WHERE "houses"."id" = $1 LIMIT $2[0m  [["id", 1], ["LIMIT", 1]]
  Rendering houses/show.html.erb within layouts/application
  [1m[36mMember Load (0.5ms)[0m  [1m[34mSELECT "members".* FROM "members" WHERE "members"."house_id" = $1[0m  [["house_id", 1]]
  Rendered houses/show.html.erb within layouts/application (3.3ms)
Completed 200 OK in 25ms (Views: 22.7ms | ActiveRecord: 0.9ms)


Started GET "/houses/" for ::1 at 2020-01-23 15:05:28 -0500
Processing by HousesController#index as HTML
  Rendering houses/index.html.erb within layouts/application
  [1m[36mHouse Load (0.5ms)[0m  [1m[34mSELECT "houses".* FROM "houses"[0m
  Rendered houses/index.html.erb within layouts/application (2.1ms)
Completed 200 OK in 20ms (Views: 18.8ms | ActiveRecord: 0.5ms)


Started GET "/houses/1" for ::1 at 2020-01-23 15:05:29 -0500
Processing by HousesController#show as HTML
  Parameters: {"id"=>"1"}
  [1m[36mHouse Load (0.4ms)[0m  [1m[34mSELECT  "houses".* FROM "houses" WHERE "houses"."id" = $1 LIMIT $2[0m  [["id", 1], ["LIMIT", 1]]
  Rendering houses/show.html.erb within layouts/application
  [1m[36mMember Load (0.7ms)[0m  [1m[34mSELECT "members".* FROM "members" WHERE "members"."house_id" = $1[0m  [["house_id", 1]]
  Rendered houses/show.html.erb within layouts/application (3.5ms)
Completed 200 OK in 24ms (Views: 20.5ms | ActiveRecord: 1.4ms)


Started GET "/houses/1" for ::1 at 2020-01-23 15:05:45 -0500
Processing by HousesController#show as HTML
  Parameters: {"id"=>"1"}
  [1m[36mHouse Load (0.5ms)[0m  [1m[34mSELECT  "houses".* FROM "houses" WHERE "houses"."id" = $1 LIMIT $2[0m  [["id", 1], ["LIMIT", 1]]
  Rendering houses/show.html.erb within layouts/application
  [1m[36mMember Load (0.4ms)[0m  [1m[34mSELECT "members".* FROM "members" WHERE "members"."house_id" = $1[0m  [["house_id", 1]]
  Rendered houses/show.html.erb within layouts/application (3.8ms)
Completed 200 OK in 24ms (Views: 20.6ms | ActiveRecord: 0.9ms)


Started GET "/houses/1" for ::1 at 2020-01-23 15:06:00 -0500
Processing by HousesController#show as HTML
  Parameters: {"id"=>"1"}
  [1m[36mHouse Load (0.7ms)[0m  [1m[34mSELECT  "houses".* FROM "houses" WHERE "houses"."id" = $1 LIMIT $2[0m  [["id", 1], ["LIMIT", 1]]
  Rendering houses/show.html.erb within layouts/application
  [1m[36mMember Load (0.5ms)[0m  [1m[34mSELECT "members".* FROM "members" WHERE "members"."house_id" = $1[0m  [["house_id", 1]]
  Rendered houses/show.html.erb within layouts/application (3.4ms)
Completed 200 OK in 26ms (Views: 21.0ms | ActiveRecord: 1.5ms)


Started GET "/houses/1" for ::1 at 2020-01-23 15:10:15 -0500
Processing by HousesController#show as HTML
  Parameters: {"id"=>"1"}
  [1m[36mHouse Load (1.1ms)[0m  [1m[34mSELECT  "houses".* FROM "houses" WHERE "houses"."id" = $1 LIMIT $2[0m  [["id", 1], ["LIMIT", 1]]
  Rendering houses/show.html.erb within layouts/application
  [1m[36mMember Load (0.5ms)[0m  [1m[34mSELECT "members".* FROM "members" WHERE "members"."house_id" = $1[0m  [["house_id", 1]]
  Rendered houses/show.html.erb within layouts/application (2.7ms)
Completed 500 Internal Server Error in 46ms (ActiveRecord: 1.9ms)


  
ActionView::Template::Error (File to import not found or unreadable: settings.
Load paths:
  /Users/krisrjohnson/Challenges/06-week-six/rails-marathon/app/assets/images
  /Users/krisrjohnson/Challenges/06-week-six/rails-marathon/app/assets/javascripts
  /Users/krisrjohnson/Challenges/06-week-six/rails-marathon/app/assets/stylesheets
  /Users/krisrjohnson/Challenges/06-week-six/rails-marathon/vendor/assets/javascripts
  /Users/krisrjohnson/Challenges/06-week-six/rails-marathon/vendor/assets/stylesheets
  /Users/krisrjohnson/.gem/ruby/2.6.5/gems/jquery-rails-4.3.5/vendor/assets/javascripts
  /Users/krisrjohnson/.gem/ruby/2.6.5/gems/actioncable-5.2.4.1/lib/assets/compiled
  /Users/krisrjohnson/.gem/ruby/2.6.5/gems/activestorage-5.2.4.1/app/assets/javascripts
  /Users/krisrjohnson/.gem/ruby/2.6.5/gems/actionview-5.2.4.1/lib/assets/compiled
  /Users/krisrjohnson/Challenges/06-week-six/rails-marathon/node_modules):
    2: <html>
    3: <head>
    4:   <title>Fantasy Houses</title>
    5:   <%= stylesheet_link_tag    'application', media: 'all' %>
    6:   <%= javascript_include_tag 'application' %>
    7:   <%= csrf_meta_tags %>
    8: </head>
  
app/assets/stylesheets/foundation_and_overrides.scss:3
app/views/layouts/application.html.erb:5:in `_app_views_layouts_application_html_erb___1726885484530461698_70279588065900'
Started GET "/houses/1" for ::1 at 2020-01-23 15:10:57 -0500
Processing by HousesController#show as HTML
  Parameters: {"id"=>"1"}
  [1m[36mHouse Load (0.5ms)[0m  [1m[34mSELECT  "houses".* FROM "houses" WHERE "houses"."id" = $1 LIMIT $2[0m  [["id", 1], ["LIMIT", 1]]
  Rendering houses/show.html.erb within layouts/application
  [1m[36mMember Load (0.4ms)[0m  [1m[34mSELECT "members".* FROM "members" WHERE "members"."house_id" = $1[0m  [["house_id", 1]]
  Rendered houses/show.html.erb within layouts/application (2.1ms)
Completed 500 Internal Server Error in 45ms (ActiveRecord: 0.8ms)


  
ActionView::Template::Error (File to import not found or unreadable: foundation.
Load paths:
  /Users/krisrjohnson/Challenges/06-week-six/rails-marathon/app/assets/images
  /Users/krisrjohnson/Challenges/06-week-six/rails-marathon/app/assets/javascripts
  /Users/krisrjohnson/Challenges/06-week-six/rails-marathon/app/assets/stylesheets
  /Users/krisrjohnson/Challenges/06-week-six/rails-marathon/vendor/assets/javascripts
  /Users/krisrjohnson/Challenges/06-week-six/rails-marathon/vendor/assets/stylesheets
  /Users/krisrjohnson/.gem/ruby/2.6.5/gems/jquery-rails-4.3.5/vendor/assets/javascripts
  /Users/krisrjohnson/.gem/ruby/2.6.5/gems/actioncable-5.2.4.1/lib/assets/compiled
  /Users/krisrjohnson/.gem/ruby/2.6.5/gems/activestorage-5.2.4.1/app/assets/javascripts
  /Users/krisrjohnson/.gem/ruby/2.6.5/gems/actionview-5.2.4.1/lib/assets/compiled
  /Users/krisrjohnson/Challenges/06-week-six/rails-marathon/node_modules):
    2: <html>
    3: <head>
    4:   <title>Fantasy Houses</title>
    5:   <%= stylesheet_link_tag    'application', media: 'all' %>
    6:   <%= javascript_include_tag 'application' %>
    7:   <%= csrf_meta_tags %>
    8: </head>
  
app/assets/stylesheets/foundation_and_overrides.scss:3
app/views/layouts/application.html.erb:5:in `_app_views_layouts_application_html_erb___1726885484530461698_70279542516460'
Started GET "/houses/1" for ::1 at 2020-01-23 15:11:28 -0500
Processing by HousesController#show as HTML
  Parameters: {"id"=>"1"}
  [1m[36mHouse Load (0.5ms)[0m  [1m[34mSELECT  "houses".* FROM "houses" WHERE "houses"."id" = $1 LIMIT $2[0m  [["id", 1], ["LIMIT", 1]]
  Rendering houses/show.html.erb within layouts/application
  [1m[36mMember Load (0.6ms)[0m  [1m[34mSELECT "members".* FROM "members" WHERE "members"."house_id" = $1[0m  [["house_id", 1]]
  Rendered houses/show.html.erb within layouts/application (2.9ms)
Completed 200 OK in 37ms (Views: 34.5ms | ActiveRecord: 1.0ms)


Started GET "/houses/1" for ::1 at 2020-01-23 15:16:37 -0500
Processing by HousesController#show as HTML
  Parameters: {"id"=>"1"}
  [1m[36mHouse Load (0.6ms)[0m  [1m[34mSELECT  "houses".* FROM "houses" WHERE "houses"."id" = $1 LIMIT $2[0m  [["id", 1], ["LIMIT", 1]]
  Rendering houses/show.html.erb within layouts/application
  [1m[36mMember Load (1.2ms)[0m  [1m[34mSELECT "members".* FROM "members" WHERE "members"."house_id" = $1[0m  [["house_id", 1]]
  Rendered houses/show.html.erb within layouts/application (4.3ms)
Completed 200 OK in 355ms (Views: 350.6ms | ActiveRecord: 2.2ms)


Started GET "/houses/new" for ::1 at 2020-01-23 15:17:58 -0500
Processing by HousesController#new as HTML
  Rendering houses/new.html.erb within layouts/application
  Rendered houses/new.html.erb within layouts/application (3.0ms)
Completed 200 OK in 26ms (Views: 24.7ms | ActiveRecord: 0.0ms)


Started GET "/houses/1/members/new" for ::1 at 2020-01-23 15:18:01 -0500
Processing by MembersController#new as HTML
  Parameters: {"house_id"=>"1"}
  [1m[36mHouse Load (0.4ms)[0m  [1m[34mSELECT  "houses".* FROM "houses" WHERE "houses"."id" = $1 LIMIT $2[0m  [["id", 1], ["LIMIT", 1]]
  Rendering members/new.html.erb within layouts/application
  Rendered members/new.html.erb within layouts/application (1.6ms)
Completed 200 OK in 27ms (Views: 22.3ms | ActiveRecord: 0.6ms)


Started GET "/houses/1" for ::1 at 2020-01-23 15:19:31 -0500
Processing by HousesController#show as HTML
  Parameters: {"id"=>"1"}
  [1m[36mHouse Load (0.4ms)[0m  [1m[34mSELECT  "houses".* FROM "houses" WHERE "houses"."id" = $1 LIMIT $2[0m  [["id", 1], ["LIMIT", 1]]
  Rendering houses/show.html.erb within layouts/application
  [1m[36mMember Load (0.6ms)[0m  [1m[34mSELECT "members".* FROM "members" WHERE "members"."house_id" = $1[0m  [["house_id", 1]]
  Rendered houses/show.html.erb within layouts/application (2.9ms)
Completed 200 OK in 186ms (Views: 183.2ms | ActiveRecord: 1.0ms)


Started GET "/houses/1" for ::1 at 2020-01-23 15:20:08 -0500
Processing by HousesController#show as HTML
  Parameters: {"id"=>"1"}
  [1m[36mHouse Load (0.6ms)[0m  [1m[34mSELECT  "houses".* FROM "houses" WHERE "houses"."id" = $1 LIMIT $2[0m  [["id", 1], ["LIMIT", 1]]
  Rendering houses/show.html.erb within layouts/application
  [1m[36mMember Load (0.8ms)[0m  [1m[34mSELECT "members".* FROM "members" WHERE "members"."house_id" = $1[0m  [["house_id", 1]]
  Rendered houses/show.html.erb within layouts/application (3.6ms)
Completed 200 OK in 41ms (Views: 36.0ms | ActiveRecord: 1.6ms)


Started GET "/houses/1" for ::1 at 2020-01-23 15:20:43 -0500
Processing by HousesController#show as HTML
  Parameters: {"id"=>"1"}
  [1m[36mHouse Load (0.4ms)[0m  [1m[34mSELECT  "houses".* FROM "houses" WHERE "houses"."id" = $1 LIMIT $2[0m  [["id", 1], ["LIMIT", 1]]
  Rendering houses/show.html.erb within layouts/application
  [1m[36mMember Load (0.4ms)[0m  [1m[34mSELECT "members".* FROM "members" WHERE "members"."house_id" = $1[0m  [["house_id", 1]]
  Rendered houses/show.html.erb within layouts/application (2.3ms)
Completed 200 OK in 59ms (Views: 56.3ms | ActiveRecord: 0.8ms)


Started GET "/houses/1" for ::1 at 2020-01-23 15:21:18 -0500
Processing by HousesController#show as HTML
  Parameters: {"id"=>"1"}
  [1m[36mHouse Load (0.4ms)[0m  [1m[34mSELECT  "houses".* FROM "houses" WHERE "houses"."id" = $1 LIMIT $2[0m  [["id", 1], ["LIMIT", 1]]
  Rendering houses/show.html.erb within layouts/application
  [1m[36mMember Load (0.4ms)[0m  [1m[34mSELECT "members".* FROM "members" WHERE "members"."house_id" = $1[0m  [["house_id", 1]]
  Rendered houses/show.html.erb within layouts/application (3.2ms)
Completed 200 OK in 28ms (Views: 24.6ms | ActiveRecord: 0.8ms)


Started GET "/houses/1" for ::1 at 2020-01-23 15:22:00 -0500
Processing by HousesController#show as HTML
  Parameters: {"id"=>"1"}
  [1m[36mHouse Load (0.7ms)[0m  [1m[34mSELECT  "houses".* FROM "houses" WHERE "houses"."id" = $1 LIMIT $2[0m  [["id", 1], ["LIMIT", 1]]
  Rendering houses/show.html.erb within layouts/application
  [1m[36mMember Load (0.4ms)[0m  [1m[34mSELECT "members".* FROM "members" WHERE "members"."house_id" = $1[0m  [["house_id", 1]]
  Rendered houses/show.html.erb within layouts/application (2.0ms)
Completed 200 OK in 32ms (Views: 27.9ms | ActiveRecord: 1.1ms)


Started GET "/houses/1" for ::1 at 2020-01-23 15:22:23 -0500
Processing by HousesController#show as HTML
  Parameters: {"id"=>"1"}
  [1m[36mHouse Load (0.4ms)[0m  [1m[34mSELECT  "houses".* FROM "houses" WHERE "houses"."id" = $1 LIMIT $2[0m  [["id", 1], ["LIMIT", 1]]
  Rendering houses/show.html.erb within layouts/application
  [1m[36mMember Load (0.4ms)[0m  [1m[34mSELECT "members".* FROM "members" WHERE "members"."house_id" = $1[0m  [["house_id", 1]]
  Rendered houses/show.html.erb within layouts/application (2.6ms)
Completed 200 OK in 66ms (Views: 62.1ms | ActiveRecord: 0.8ms)


Started GET "/houses/1" for ::1 at 2020-01-23 15:22:39 -0500
Processing by HousesController#show as HTML
  Parameters: {"id"=>"1"}
  [1m[36mHouse Load (0.3ms)[0m  [1m[34mSELECT  "houses".* FROM "houses" WHERE "houses"."id" = $1 LIMIT $2[0m  [["id", 1], ["LIMIT", 1]]
  Rendering houses/show.html.erb within layouts/application
  [1m[36mMember Load (0.5ms)[0m  [1m[34mSELECT "members".* FROM "members" WHERE "members"."house_id" = $1[0m  [["house_id", 1]]
  Rendered houses/show.html.erb within layouts/application (2.6ms)
Completed 200 OK in 63ms (Views: 60.6ms | ActiveRecord: 0.8ms)


Started GET "/houses/1" for ::1 at 2020-01-23 15:22:50 -0500
Processing by HousesController#show as HTML
  Parameters: {"id"=>"1"}
  [1m[36mHouse Load (0.4ms)[0m  [1m[34mSELECT  "houses".* FROM "houses" WHERE "houses"."id" = $1 LIMIT $2[0m  [["id", 1], ["LIMIT", 1]]
  Rendering houses/show.html.erb within layouts/application
  [1m[36mMember Load (0.4ms)[0m  [1m[34mSELECT "members".* FROM "members" WHERE "members"."house_id" = $1[0m  [["house_id", 1]]
  Rendered houses/show.html.erb within layouts/application (2.1ms)
Completed 200 OK in 52ms (Views: 49.5ms | ActiveRecord: 0.8ms)


Started GET "/houses/1" for ::1 at 2020-01-23 15:23:00 -0500
Processing by HousesController#show as HTML
  Parameters: {"id"=>"1"}
  [1m[36mHouse Load (1.1ms)[0m  [1m[34mSELECT  "houses".* FROM "houses" WHERE "houses"."id" = $1 LIMIT $2[0m  [["id", 1], ["LIMIT", 1]]
  Rendering houses/show.html.erb within layouts/application
  [1m[36mMember Load (0.4ms)[0m  [1m[34mSELECT "members".* FROM "members" WHERE "members"."house_id" = $1[0m  [["house_id", 1]]
  Rendered houses/show.html.erb within layouts/application (2.0ms)
Completed 200 OK in 28ms (Views: 24.7ms | ActiveRecord: 1.4ms)


Started GET "/houses/1" for ::1 at 2020-01-23 15:23:18 -0500
Processing by HousesController#show as HTML
  Parameters: {"id"=>"1"}
  [1m[36mHouse Load (1.3ms)[0m  [1m[34mSELECT  "houses".* FROM "houses" WHERE "houses"."id" = $1 LIMIT $2[0m  [["id", 1], ["LIMIT", 1]]
  Rendering houses/show.html.erb within layouts/application
  [1m[36mMember Load (0.4ms)[0m  [1m[34mSELECT "members".* FROM "members" WHERE "members"."house_id" = $1[0m  [["house_id", 1]]
  Rendered houses/show.html.erb within layouts/application (2.3ms)
Completed 200 OK in 30ms (Views: 22.3ms | ActiveRecord: 1.7ms)


Started GET "/houses/1" for ::1 at 2020-01-23 15:23:37 -0500
Processing by HousesController#show as HTML
  Parameters: {"id"=>"1"}
  [1m[36mHouse Load (0.7ms)[0m  [1m[34mSELECT  "houses".* FROM "houses" WHERE "houses"."id" = $1 LIMIT $2[0m  [["id", 1], ["LIMIT", 1]]
  Rendering houses/show.html.erb within layouts/application
  [1m[36mMember Load (0.6ms)[0m  [1m[34mSELECT "members".* FROM "members" WHERE "members"."house_id" = $1[0m  [["house_id", 1]]
  Rendered houses/show.html.erb within layouts/application (2.6ms)
Completed 200 OK in 53ms (Views: 49.1ms | ActiveRecord: 1.7ms)


Started GET "/houses/1" for ::1 at 2020-01-23 15:23:46 -0500
Processing by HousesController#show as HTML
  Parameters: {"id"=>"1"}
  [1m[36mHouse Load (0.4ms)[0m  [1m[34mSELECT  "houses".* FROM "houses" WHERE "houses"."id" = $1 LIMIT $2[0m  [["id", 1], ["LIMIT", 1]]
  Rendering houses/show.html.erb within layouts/application
  [1m[36mMember Load (0.6ms)[0m  [1m[34mSELECT "members".* FROM "members" WHERE "members"."house_id" = $1[0m  [["house_id", 1]]
  Rendered houses/show.html.erb within layouts/application (2.6ms)
Completed 200 OK in 58ms (Views: 55.4ms | ActiveRecord: 1.0ms)


Started GET "/houses/new" for ::1 at 2020-01-23 15:23:59 -0500
Processing by HousesController#new as HTML
  Rendering houses/new.html.erb within layouts/application
  Rendered houses/new.html.erb within layouts/application (3.1ms)
Completed 200 OK in 30ms (Views: 28.4ms | ActiveRecord: 0.0ms)


Started GET "/houses/1/members/new" for ::1 at 2020-01-23 15:24:02 -0500
Processing by MembersController#new as HTML
  Parameters: {"house_id"=>"1"}
  [1m[36mHouse Load (0.4ms)[0m  [1m[34mSELECT  "houses".* FROM "houses" WHERE "houses"."id" = $1 LIMIT $2[0m  [["id", 1], ["LIMIT", 1]]
  Rendering members/new.html.erb within layouts/application
  Rendered members/new.html.erb within layouts/application (1.6ms)
Completed 200 OK in 25ms (Views: 23.3ms | ActiveRecord: 0.4ms)


Started GET "/houses/1" for ::1 at 2020-01-23 15:26:45 -0500
Processing by HousesController#show as HTML
  Parameters: {"id"=>"1"}
  [1m[36mHouse Load (0.3ms)[0m  [1m[34mSELECT  "houses".* FROM "houses" WHERE "houses"."id" = $1 LIMIT $2[0m  [["id", 1], ["LIMIT", 1]]
  Rendering houses/show.html.erb within layouts/application
  [1m[36mMember Load (0.4ms)[0m  [1m[34mSELECT "members".* FROM "members" WHERE "members"."house_id" = $1[0m  [["house_id", 1]]
  Rendered houses/show.html.erb within layouts/application (3.7ms)
Completed 200 OK in 53ms (Views: 50.8ms | ActiveRecord: 0.7ms)


Started GET "/houses/1" for ::1 at 2020-01-23 15:26:55 -0500
Processing by HousesController#show as HTML
  Parameters: {"id"=>"1"}
  [1m[36mHouse Load (0.8ms)[0m  [1m[34mSELECT  "houses".* FROM "houses" WHERE "houses"."id" = $1 LIMIT $2[0m  [["id", 1], ["LIMIT", 1]]
  Rendering houses/show.html.erb within layouts/application
  [1m[36mMember Load (0.3ms)[0m  [1m[34mSELECT "members".* FROM "members" WHERE "members"."house_id" = $1[0m  [["house_id", 1]]
  Rendered houses/show.html.erb within layouts/application (1.6ms)
Completed 200 OK in 61ms (Views: 55.9ms | ActiveRecord: 1.1ms)


Started GET "/houses/1/members/new" for ::1 at 2020-01-23 15:27:18 -0500
Processing by MembersController#new as HTML
  Parameters: {"house_id"=>"1"}
  [1m[36mHouse Load (0.5ms)[0m  [1m[34mSELECT  "houses".* FROM "houses" WHERE "houses"."id" = $1 LIMIT $2[0m  [["id", 1], ["LIMIT", 1]]
  Rendering members/new.html.erb within layouts/application
  Rendered members/new.html.erb within layouts/application (2.3ms)
Completed 200 OK in 44ms (Views: 41.8ms | ActiveRecord: 0.5ms)


Started GET "/houses/1/members/new" for ::1 at 2020-01-23 15:28:00 -0500
Processing by MembersController#new as HTML
  Parameters: {"house_id"=>"1"}
  [1m[36mHouse Load (0.6ms)[0m  [1m[34mSELECT  "houses".* FROM "houses" WHERE "houses"."id" = $1 LIMIT $2[0m  [["id", 1], ["LIMIT", 1]]
  Rendering members/new.html.erb within layouts/application
  Rendered members/new.html.erb within layouts/application (1.9ms)
Completed 200 OK in 56ms (Views: 52.8ms | ActiveRecord: 0.6ms)


Started GET "/houses/1/members/new" for ::1 at 2020-01-23 15:28:18 -0500
Processing by MembersController#new as HTML
  Parameters: {"house_id"=>"1"}
  [1m[36mHouse Load (0.4ms)[0m  [1m[34mSELECT  "houses".* FROM "houses" WHERE "houses"."id" = $1 LIMIT $2[0m  [["id", 1], ["LIMIT", 1]]
  Rendering members/new.html.erb within layouts/application
  Rendered members/new.html.erb within layouts/application (1.7ms)
Completed 200 OK in 55ms (Views: 52.4ms | ActiveRecord: 0.4ms)


Started GET "/houses/1/members/new" for ::1 at 2020-01-23 15:28:30 -0500
Processing by MembersController#new as HTML
  Parameters: {"house_id"=>"1"}
  [1m[36mHouse Load (0.4ms)[0m  [1m[34mSELECT  "houses".* FROM "houses" WHERE "houses"."id" = $1 LIMIT $2[0m  [["id", 1], ["LIMIT", 1]]
  Rendering members/new.html.erb within layouts/application
  Rendered members/new.html.erb within layouts/application (1.2ms)
Completed 200 OK in 24ms (Views: 21.6ms | ActiveRecord: 0.4ms)


Started GET "/houses/1/members/new" for ::1 at 2020-01-23 15:49:05 -0500
Processing by MembersController#new as HTML
  Parameters: {"house_id"=>"1"}
  [1m[36mHouse Load (0.9ms)[0m  [1m[34mSELECT  "houses".* FROM "houses" WHERE "houses"."id" = $1 LIMIT $2[0m  [["id", 1], ["LIMIT", 1]]
  Rendering members/new.html.erb within layouts/application
  Rendered members/new.html.erb within layouts/application (1.1ms)
Completed 200 OK in 23ms (Views: 19.9ms | ActiveRecord: 1.1ms)


Started POST "/houses/1/members" for ::1 at 2020-01-23 15:49:08 -0500
Processing by MembersController#create as HTML
  Parameters: {"utf8"=>"✓", "authenticity_token"=>"QHhvgkQ8RFp+ZoCIg0v1Fz6UwUJsiPq6ZaxLU7Z62eapNPYi07/zY24rtepCCb/4EG97O+GpyafhCQYIaS0fxQ==", "member"=>{"first_name"=>"", "last_name"=>""}, "commit"=>"Add Member", "house_id"=>"1"}
  [1m[36mHouse Load (0.9ms)[0m  [1m[34mSELECT  "houses".* FROM "houses" WHERE "houses"."id" = $1 LIMIT $2[0m  [["id", 1], ["LIMIT", 1]]
  [1m[35m (0.2ms)[0m  [1m[35mBEGIN[0m
  [1m[35m (0.2ms)[0m  [1m[31mROLLBACK[0m
  Rendering members/new.html.erb within layouts/application
  Rendered members/new.html.erb within layouts/application (1.4ms)
Completed 200 OK in 35ms (Views: 27.1ms | ActiveRecord: 2.7ms)


Started POST "/houses/1/members" for ::1 at 2020-01-23 15:49:42 -0500
Processing by MembersController#create as HTML
  Parameters: {"utf8"=>"✓", "authenticity_token"=>"QHhvgkQ8RFp+ZoCIg0v1Fz6UwUJsiPq6ZaxLU7Z62eapNPYi07/zY24rtepCCb/4EG97O+GpyafhCQYIaS0fxQ==", "member"=>{"first_name"=>"", "last_name"=>""}, "commit"=>"Add Member", "house_id"=>"1"}
  [1m[36mHouse Load (0.4ms)[0m  [1m[34mSELECT  "houses".* FROM "houses" WHERE "houses"."id" = $1 LIMIT $2[0m  [["id", 1], ["LIMIT", 1]]
  [1m[35m (0.1ms)[0m  [1m[35mBEGIN[0m
  [1m[35m (0.2ms)[0m  [1m[31mROLLBACK[0m
  Rendering members/new.html.erb within layouts/application
  Rendered members/new.html.erb within layouts/application (1.8ms)
Completed 200 OK in 70ms (Views: 65.5ms | ActiveRecord: 0.7ms)


Started POST "/houses/1/members" for ::1 at 2020-01-23 15:50:05 -0500
Processing by MembersController#create as HTML
  Parameters: {"utf8"=>"✓", "authenticity_token"=>"QHhvgkQ8RFp+ZoCIg0v1Fz6UwUJsiPq6ZaxLU7Z62eapNPYi07/zY24rtepCCb/4EG97O+GpyafhCQYIaS0fxQ==", "member"=>{"first_name"=>"", "last_name"=>""}, "commit"=>"Add Member", "house_id"=>"1"}
  [1m[36mHouse Load (1.1ms)[0m  [1m[34mSELECT  "houses".* FROM "houses" WHERE "houses"."id" = $1 LIMIT $2[0m  [["id", 1], ["LIMIT", 1]]
  [1m[35m (0.2ms)[0m  [1m[35mBEGIN[0m
  [1m[35m (0.3ms)[0m  [1m[31mROLLBACK[0m
  Rendering members/new.html.erb within layouts/application
  Rendered members/new.html.erb within layouts/application (1.4ms)
Completed 200 OK in 63ms (Views: 54.3ms | ActiveRecord: 1.8ms)


Started POST "/houses/1/members" for ::1 at 2020-01-23 15:50:07 -0500
Processing by MembersController#create as HTML
  Parameters: {"utf8"=>"✓", "authenticity_token"=>"QHhvgkQ8RFp+ZoCIg0v1Fz6UwUJsiPq6ZaxLU7Z62eapNPYi07/zY24rtepCCb/4EG97O+GpyafhCQYIaS0fxQ==", "member"=>{"first_name"=>"", "last_name"=>""}, "commit"=>"Add Member", "house_id"=>"1"}
  [1m[36mHouse Load (0.5ms)[0m  [1m[34mSELECT  "houses".* FROM "houses" WHERE "houses"."id" = $1 LIMIT $2[0m  [["id", 1], ["LIMIT", 1]]
  [1m[35m (0.2ms)[0m  [1m[35mBEGIN[0m
  [1m[35m (0.2ms)[0m  [1m[31mROLLBACK[0m
  Rendering members/new.html.erb within layouts/application
  Rendered members/new.html.erb within layouts/application (1.0ms)
Completed 200 OK in 28ms (Views: 23.3ms | ActiveRecord: 0.9ms)


Started POST "/houses/1/members" for ::1 at 2020-01-23 15:50:32 -0500
Processing by MembersController#create as HTML
  Parameters: {"utf8"=>"✓", "authenticity_token"=>"QHhvgkQ8RFp+ZoCIg0v1Fz6UwUJsiPq6ZaxLU7Z62eapNPYi07/zY24rtepCCb/4EG97O+GpyafhCQYIaS0fxQ==", "member"=>{"first_name"=>"", "last_name"=>""}, "commit"=>"Add Member", "house_id"=>"1"}
  [1m[36mHouse Load (0.8ms)[0m  [1m[34mSELECT  "houses".* FROM "houses" WHERE "houses"."id" = $1 LIMIT $2[0m  [["id", 1], ["LIMIT", 1]]
  [1m[35m (0.2ms)[0m  [1m[35mBEGIN[0m
  [1m[35m (0.2ms)[0m  [1m[31mROLLBACK[0m
  Rendering members/new.html.erb within layouts/application
  Rendered members/new.html.erb within layouts/application (1.1ms)
Completed 200 OK in 51ms (Views: 45.5ms | ActiveRecord: 1.4ms)


Started GET "/houses/" for ::1 at 2020-01-23 15:50:48 -0500
Processing by HousesController#index as HTML
  Rendering houses/index.html.erb within layouts/application
  [1m[36mHouse Load (0.4ms)[0m  [1m[34mSELECT "houses".* FROM "houses"[0m
  Rendered houses/index.html.erb within layouts/application (1.8ms)
Completed 200 OK in 29ms (Views: 27.2ms | ActiveRecord: 0.4ms)


Started GET "/houses/" for ::1 at 2020-01-23 15:51:12 -0500
Processing by HousesController#index as HTML
  Rendering houses/index.html.erb within layouts/application
  [1m[36mHouse Load (0.4ms)[0m  [1m[34mSELECT "houses".* FROM "houses"[0m
  Rendered houses/index.html.erb within layouts/application (1.7ms)
Completed 200 OK in 59ms (Views: 57.5ms | ActiveRecord: 0.4ms)


Started GET "/houses/new" for ::1 at 2020-01-23 15:51:42 -0500
Processing by HousesController#new as HTML
  Rendering houses/new.html.erb within layouts/application
  Rendered houses/new.html.erb within layouts/application (2.4ms)
Completed 200 OK in 27ms (Views: 25.0ms | ActiveRecord: 0.0ms)


Started POST "/houses" for ::1 at 2020-01-23 15:51:44 -0500
Processing by HousesController#create as HTML
  Parameters: {"utf8"=>"✓", "authenticity_token"=>"1CZzli/4aF5+XJiNIJoPGBX5DzMJnVtOm13Mqb6n6949auo2uHvfZ24Rre/h2EX3OwK1SoS8aFMf+IHyYfAt/Q==", "house"=>{"name"=>"", "source"=>"", "author"=>"", "motto"=>""}, "commit"=>"Add House"}
  [1m[35m (0.1ms)[0m  [1m[35mBEGIN[0m
  [1m[35m (0.1ms)[0m  [1m[31mROLLBACK[0m
  Rendering houses/new.html.erb within layouts/application
  Rendered houses/new.html.erb within layouts/application (2.7ms)
Completed 200 OK in 28ms (Views: 25.3ms | ActiveRecord: 0.2ms)


Started GET "/houses/1" for ::1 at 2020-01-23 15:51:52 -0500
Processing by HousesController#show as HTML
  Parameters: {"id"=>"1"}
  [1m[36mHouse Load (0.3ms)[0m  [1m[34mSELECT  "houses".* FROM "houses" WHERE "houses"."id" = $1 LIMIT $2[0m  [["id", 1], ["LIMIT", 1]]
  Rendering houses/show.html.erb within layouts/application
  [1m[36mMember Load (0.9ms)[0m  [1m[34mSELECT "members".* FROM "members" WHERE "members"."house_id" = $1[0m  [["house_id", 1]]
  Rendered houses/show.html.erb within layouts/application (3.2ms)
Completed 200 OK in 26ms (Views: 24.3ms | ActiveRecord: 1.2ms)


